<?xml version="1.0" encoding="UTF-8"?>
<!-- Generated by org.testng.reporters.JUnitReportReporter -->
<testsuite hostname="Santhosh-E4310" name="com.projectname.base.Html" tests="1" failures="0" timestamp="15 Apr 2014 14:51:55 GMT" time="27.104" errors="0">
  <testcase name="test" time="27.104" classname="com.projectname.base.Html"/>
</testsuite> <!-- com.projectname.base.Html -->
