<?xml version="1.0" encoding="UTF-8"?>
<!-- Generated by org.testng.reporters.JUnitReportReporter -->
<testsuite hostname="Santhosh-E4310" name="com.projectname.scripts.DriverScriptTest" tests="1" failures="0" timestamp="23 Apr 2014 12:12:24 GMT" time="114.636" errors="0">
  <testcase name="driverScript" time="114.636" classname="com.projectname.scripts.DriverScriptTest"/>
</testsuite> <!-- com.projectname.scripts.DriverScriptTest -->
