<?xml version="1.0" encoding="UTF-8"?>
<!-- Generated by org.testng.reporters.JUnitReportReporter -->
<testsuite hostname="Santhosh-E4310" name="com.projectname.scripts.SeleniumWithTestlink" tests="1" failures="0" timestamp="18 Apr 2014 14:24:47 GMT" time="9.390" errors="0">
  <testcase name="testSearchCountry" time="9.390" classname="com.projectname.scripts.SeleniumWithTestlink"/>
</testsuite> <!-- com.projectname.scripts.SeleniumWithTestlink -->
